Started at Wed Mar 02 03:11:23 UTC 2022
Processing Build
Offering Build to Project Build Discarder
Processing c-projects
Offering c-projects to Project Build Discarder
Processing Deploy
Offering Deploy to Project Build Discarder
Processing java-project
Offering java-project to Project Build Discarder
Processing Test
Offering Test to Project Build Discarder
Finished at Wed Mar 02 03:11:23 UTC 2022. 5ms
Started at Wed Mar 02 04:11:23 UTC 2022
Processing Build
Offering Build to Project Build Discarder
Processing c-projects
Offering c-projects to Project Build Discarder
Processing Deploy
Offering Deploy to Project Build Discarder
Processing java-project
Offering java-project to Project Build Discarder
Processing Test
Offering Test to Project Build Discarder
Finished at Wed Mar 02 04:11:23 UTC 2022. 1ms
Started at Wed Mar 02 05:11:23 UTC 2022
Processing Build
Offering Build to Project Build Discarder
Processing c-projects
Offering c-projects to Project Build Discarder
Processing Deploy
Offering Deploy to Project Build Discarder
Processing java-project
Offering java-project to Project Build Discarder
Processing Test
Offering Test to Project Build Discarder
Finished at Wed Mar 02 05:11:23 UTC 2022. 0ms
